<?xml version="1.0" encoding="UTF-8"?>
<!-- Generated by org.testng.reporters.JUnitReportReporter -->
<testsuite hostname="DESKTOP-G40C1Q8" failures="0" tests="1" name="testNG.login_refresh_pomclass" time="22.560" errors="0" timestamp="2022-12-22T13:26:51 GMT-08:00" skipped="0">
  <testcase classname="testNG.login_refresh_pomclass" name="test" time="22.560"/>
  <system-out/>
</testsuite> <!-- testNG.login_refresh_pomclass -->
